<?xml version="1.0" encoding="UTF-8"?>
<!-- Generated by org.testng.reporters.JUnitReportReporter -->
<testsuite hostname="DESKTOP-RVKMQBK" name="com.test.selenium.DemoTest" tests="1" failures="0" timestamp="6 May 2020 08:40:10 GMT" time="0.138" errors="0">
  <testcase name="testSeleniumFromJenkins" time="0.138" classname="com.test.selenium.DemoTest"/>
</testsuite>
